{
  "RSpec": {
    "coverage": {
      "/Users/rolando/Makers/Battlethurs/spec/features/web_helpers.rb": [
        1,
        6,
        6,
        6,
        6,
        null
      ],
      "/Users/rolando/Makers/Battlethurs/app.rb": [
        1,
        1,
        1,
        1,
        1,
        1,
        null,
        1,
        1,
        null,
        1,
        7,
        null,
        null,
        1,
        6,
        6,
        6,
        6,
        6,
        null,
        null,
        1,
        11,
        11,
        11,
        null,
        null,
        1,
        5,
        5,
        5,
        null,
        null,
        1,
        null
      ],
      "/Users/rolando/Makers/Battlethurs/lib/player.rb": [
        1,
        null,
        null,
        null,
        null,
        null,
        1,
        null,
        1,
        12,
        12,
        null,
        null
      ],
      "/Users/rolando/Makers/Battlethurs/lib/game.rb": [
        1,
        1,
        null,
        1,
        6,
        6,
        6,
        null,
        null,
        1,
        5,
        4,
        4,
        null,
        1,
        1,
        null,
        5,
        null,
        null
      ],
      "/Users/rolando/Makers/Battlethurs/spec/features/testing_infrastructure_spec.rb": [
        1,
        null,
        1,
        1,
        1,
        1,
        null,
        null,
        1,
        1,
        1,
        1,
        null,
        null,
        1,
        1,
        1,
        null,
        null,
        1,
        1,
        1,
        1,
        1,
        null,
        null,
        1,
        1,
        1,
        null,
        1,
        null,
        null,
        1,
        1,
        1,
        1,
        null,
        null,
        1,
        1,
        1,
        1,
        1,
        null,
        null
      ],
      "/Users/rolando/Makers/Battlethurs/spec/player_spec.rb": [
        1,
        null,
        1,
        1,
        1,
        1,
        null,
        null,
        null
      ]
    },
    "timestamp": 1503071938
  }
}
